1423690522663 1423690523019
1423691239646 1423691239891
1423691240598 1423691240841
1423691528063 1423691528296
1423696678811 1423696679119
1423696837096 1423696837225
1423696850750 1423696851201
1423743102384 1423743102483
1423743107569 1423743107671
1423743116678 1423743116776
1423743118619 1423743118727
1423743139006 1423743139531
1423758282493 1423758282814
1423758289093 1423758289215
1423758442604 1423758442711
1423758444578 1423758444688
1423759277747 1423759278032
1423769783840 1423769783949
1423865288773 1423865288885
1423865291360 1423865291467
1423865301138 1423865301242
1423865303118 1423865303221
1424035034806 1424035035095
1424035037352 1424035037461
1424035047197 1424035047302
1424035049186 1424035049292
1427320275769 1427320276184
1427320277495 1427320277953
1427492067550 1427492067822
1427492072178 1427492072287
1427492102199 1427492102308
1427492116096 1427492116202
1427492117776 1427492117885
1427492346641 1427492346941
1427492410027 1427492410275
1427492416130 1427492416241
1427492427377 1427492427494
1427492429388 1427492429496
1427815828696 1427815828816
1427815889375 1427815889488
1427815909873 1427815910727
1427827533481 1427827533584
1427827533818 1427827534236
1427832455265 1427832455517
1427832552143 1427832552378
1427832644541 1427832644766
1427832808373 1427832808603
1427832990732 1427832990956
1427833452220 1427833452505
1427833853245 1427833853478
1427834241180 1427834241490
1427835598946 1427835599191
1427836824628 1427836824874
1428093104163 1428093104513
1428093382431 1428093382540
1428093386703 1428093387208
1428110283222 1428110283331
1428355012904 1428355013185
1428358583935 1428358584178
1428358613652 1428358613881
1428363670077 1428363670178
1428399569194 1428399569557
1428427706103 1428427706628
1428427830786 1428427831084
1428510060818 1428510060930
1428604228667 1428604228773
1428604354323 1428604354429
1428604354685 1428604355144
1428689391360 1428689391494
1428738298418 1428738298522
1428880028399 1428880028528
1428898681330 1428898681769
1428899506796 1428899507021
1428902233409 1428902233627
1428902350616 1428902350834
1428902372031 1428902372265
1428902400860 1428902401129
1428902615443 1428902615685
1428902650795 1428902651020
1428902680122 1428902680339
1428902767988 1428902768220
1428902837444 1428902837663
1428902880529 1428902880855
1428902928500 1428902928735
1428902984151 1428902984367
1428903009898 1428903010127
1428903106630 1428903107336
1428903119459 1428903119703
1428903151465 1428903151689
1428903276690 1428903276902
1428903329091 1428903329318
1428903347650 1428903347878
1428903581983 1428903582306
1428903692799 1428903693020
1428903704350 1428903704569
1428903958657 1428903958969
1428905012859 1428905013084
1428905345050 1428905345274
1428905619064 1428905619292
1428905714416 1428905714637
1428905776032 1428905776273
1428905798183 1428905798402
1428905933184 1428905933777
1428906502871 1428906503089
1428907648838 1428907649071
1428907722143 1428907722368
1428907872400 1428907872614
1428908143179 1428908143403
1428908381433 1428908381654
1428908423165 1428908423396
1428908525205 1428908525439
1428908686730 1428908686960
1428908752382 1428908752647
1428908858738 1428908858957
1428909015976 1428909016199
1428909179092 1428909179319
1428909256134 1428909256565
1428909298706 1428909298922
1428909778785 1428909779036
1428910021187 1428910021414
1428910106375 1428910106592
1428910237732 1428910237947
1428911037032 1428911037378
1428911132018 1428911132245
1428911376408 1428911376632
1428911572704 1428911572938
1428911825785 1428911826011
1428911899638 1428911899855
1428911934531 1428911934757
1428912146805 1428912147033
1428912159629 1428912159870
1428912266876 1428912267113
1428912328567 1428912328798
1428913396452 1428913396784
1428913702661 1428913702899
1428913765919 1428913766155
